<?xml version="1.0" encoding="UTF-8"?>
<testng-results ignored="0" total="1" passed="1" failed="0" skipped="0">
  <reporter-output>
  </reporter-output>
  <suite started-at="2024-03-19T06:09:21 IST" name="Suite" finished-at="2024-03-19T06:11:17 IST" duration-ms="115685">
    <groups>
    </groups>
    <test started-at="2024-03-19T06:09:21 IST" name="Test" finished-at="2024-03-19T06:11:17 IST" duration-ms="115685">
      <class name="testCases.Login_Testcase">
        <test-method is-config="true" signature="openBrowser(java.lang.String)[pri:0, instance:testCases.Login_Testcase@4116aac9]" started-at="2024-03-19T06:09:21 IST" name="openBrowser" finished-at="2024-03-19T06:11:00 IST" duration-ms="98574" status="PASS">
          <params>
            <param index="0">
              <value>
                <![CDATA[chrome]]>
              </value>
            </param>
          </params>
          <reporter-output>
          </reporter-output>
        </test-method> <!-- openBrowser -->
        <test-method signature="login()[pri:0, instance:testCases.Login_Testcase@4116aac9]" started-at="2024-03-19T06:11:00 IST" name="login" finished-at="2024-03-19T06:11:08 IST" duration-ms="8185" status="PASS">
          <reporter-output>
          </reporter-output>
        </test-method> <!-- login -->
        <test-method is-config="true" signature="tearDown()[pri:0, instance:testCases.Login_Testcase@4116aac9]" started-at="2024-03-19T06:11:08 IST" name="tearDown" finished-at="2024-03-19T06:11:17 IST" duration-ms="8738" status="PASS">
          <reporter-output>
          </reporter-output>
        </test-method> <!-- tearDown -->
      </class> <!-- testCases.Login_Testcase -->
    </test> <!-- Test -->
  </suite> <!-- Suite -->
</testng-results>
